<?xml version="1.0" encoding="UTF-8"?>
<!-- Generated by org.testng.reporters.JUnitReportReporter -->
<testsuite skipped="0" hostname="LAPTOP-US0OO9FE" name="com.Muntasirlab.demoProject.TestClass" tests="3" failures="0" timestamp="2020-05-14T12:08:50 IST" time="25.600" errors="0">
  <testcase name="Test2" time="8.981" classname="com.Muntasirlab.demoProject.TestClass"/>
  <system-out/>
  <testcase name="Test3" time="7.735" classname="com.Muntasirlab.demoProject.TestClass"/>
  <system-out/>
  <testcase name="Test1" time="8.884" classname="com.Muntasirlab.demoProject.TestClass"/>
  <system-out/>
</testsuite> <!-- com.Muntasirlab.demoProject.TestClass -->
